#
# A fatal error has been detected by the Java Runtime Environment:
#
#  Internal Error (./open/src/hotspot/share/interpreter/oopMapCache.cpp:111), pid=9888, tid=14332
#  Error: ShouldNotReachHere()
#
# JRE version: Java(TM) SE Runtime Environment (14.0.1+7) (build 14.0.1+7)
# Java VM: Java HotSpot(TM) 64-Bit Server VM (14.0.1+7, mixed mode, sharing, tiered, compressed oops, g1 gc, windows-amd64)
# No core dump will be written. Minidumps are not enabled by default on client versions of Windows
#
# If you would like to submit a bug report, please visit:
#   https://bugreport.java.com/bugreport/crash.jsp
#

---------------  S U M M A R Y ------------

Command Line: -agentlib:jdwp=transport=dt_socket,suspend=y,address=localhost:56253 -javaagent:C:\Users\sonashi mahajan\eclipse\java-2020-06\eclipse\configuration\org.eclipse.osgi\222\0\.cp\lib\javaagent-shaded.jar -Dfile.encoding=Cp1252 practice

Host: Intel(R) Core(TM) i5-10210U CPU @ 1.60GHz, 8 cores, 7G,  Windows 10 , 64 bit Build 18362 (10.0.18362.959)
Time: Mon Aug 10 11:26:17 2020 India Standard Time elapsed time: 2624 seconds (0d 0h 43m 44s)

---------------  T H R E A D  ---------------

Current thread (0x000002a9fd3f4800):  JavaThread "JDWP Transport Listener: dt_socket" daemon [_thread_in_vm, id=14332, stack(0x000000f0a9c00000,0x000000f0a9d00000)]

Stack: [0x000000f0a9c00000,0x000000f0a9d00000]
Native frames: (J=compiled Java code, j=interpreted, Vv=VM code, C=native code)
V  [jvm.dll+0x5f840a]
V  [jvm.dll+0x741e4a]
V  [jvm.dll+0x7435ff]
V  [jvm.dll+0x743bf7]
V  [jvm.dll+0x20d20c]
V  [jvm.dll+0x20d173]
V  [jvm.dll+0x5e754f]
V  [jvm.dll+0x5e72ad]
V  [jvm.dll+0x5af2b3]
V  [jvm.dll+0x7394bf]
V  [jvm.dll+0x4bee71]
V  [jvm.dll+0x748a5b]
V  [jvm.dll+0x4a54fe]
V  [jvm.dll+0x46ee8b]
C  [jdwp.dll+0x7bbc]


---------------  P R O C E S S  ---------------

Threads class SMR info:
_java_thread_list=0x000002a9fd4d3910, length=14, elements={
0x000002a9ec92b800, 0x000002a9fc8b8000, 0x000002a9fc8b9000, 0x000002a9fd1d6800,
0x000002a9fd1d9800, 0x000002a9fd1da800, 0x000002a9fd1e3000, 0x000002a9fd204800,
0x000002a9fd1e0800, 0x000002a9fd330800, 0x000002a9fd3f4800, 0x000002a9fd3f5000,
0x000002a9fd3f6800, 0x000002a9fd32e800
}

Java Threads: ( => current thread )
  0x000002a9ec92b800 JavaThread "main" [_thread_blocked, id=9952, stack(0x000000f0a8b00000,0x000000f0a8c00000)]
  0x000002a9fc8b8000 JavaThread "Reference Handler" daemon [_thread_blocked, id=3084, stack(0x000000f0a9200000,0x000000f0a9300000)]
  0x000002a9fc8b9000 JavaThread "Finalizer" daemon [_thread_blocked, id=13664, stack(0x000000f0a9300000,0x000000f0a9400000)]
  0x000002a9fd1d6800 JavaThread "Signal Dispatcher" daemon [_thread_blocked, id=16080, stack(0x000000f0a9400000,0x000000f0a9500000)]
  0x000002a9fd1d9800 JavaThread "Attach Listener" daemon [_thread_blocked, id=16000, stack(0x000000f0a9500000,0x000000f0a9600000)]
  0x000002a9fd1da800 JavaThread "Service Thread" daemon [_thread_blocked, id=15436, stack(0x000000f0a9600000,0x000000f0a9700000)]
  0x000002a9fd1e3000 JavaThread "C2 CompilerThread0" daemon [_thread_blocked, id=19804, stack(0x000000f0a9700000,0x000000f0a9800000)]
  0x000002a9fd204800 JavaThread "C1 CompilerThread0" daemon [_thread_blocked, id=4780, stack(0x000000f0a9800000,0x000000f0a9900000)]
  0x000002a9fd1e0800 JavaThread "Sweeper thread" daemon [_thread_blocked, id=21388, stack(0x000000f0a9900000,0x000000f0a9a00000)]
  0x000002a9fd330800 JavaThread "Common-Cleaner" daemon [_thread_blocked, id=16564, stack(0x000000f0a9a00000,0x000000f0a9b00000)]
=>0x000002a9fd3f4800 JavaThread "JDWP Transport Listener: dt_socket" daemon [_thread_in_vm, id=14332, stack(0x000000f0a9c00000,0x000000f0a9d00000)]
  0x000002a9fd3f5000 JavaThread "JDWP Event Helper Thread" daemon [_thread_blocked, id=11508, stack(0x000000f0a9d00000,0x000000f0a9e00000)]
  0x000002a9fd3f6800 JavaThread "JDWP Command Reader" daemon [_thread_in_native, id=20992, stack(0x000000f0a9e00000,0x000000f0a9f00000)]
  0x000002a9fd32e800 JavaThread "Notification Thread" daemon [_thread_blocked, id=3900, stack(0x000000f0a9b00000,0x000000f0a9c00000)]

Other Threads:
  0x000002a9fc8b6000 VMThread "VM Thread" [stack: 0x000000f0a9100000,0x000000f0a9200000] [id=7144]
  0x000002a9fd501800 WatcherThread [stack: 0x000000f0a9f00000,0x000000f0aa000000] [id=1908]
  0x000002a9ec96d000 GCTaskThread "GC Thread#0" [stack: 0x000000f0a8c00000,0x000000f0a8d00000] [id=5836]
  0x000002a9ec980000 ConcurrentGCThread "G1 Main Marker" [stack: 0x000000f0a8d00000,0x000000f0a8e00000] [id=16320]
  0x000002a9ec982000 ConcurrentGCThread "G1 Conc#0" [stack: 0x000000f0a8e00000,0x000000f0a8f00000] [id=18736]
  0x000002a9fc725800 ConcurrentGCThread "G1 Refine#0" [stack: 0x000000f0a8f00000,0x000000f0a9000000] [id=3856]
  0x000002a9fc726800 ConcurrentGCThread "G1 Young RemSet Sampling" [stack: 0x000000f0a9000000,0x000000f0a9100000] [id=17892]

Threads with active compile tasks:

VM state:not at safepoint (normal execution)

VM Mutex/Monitor currently owned by a thread: None

Heap address: 0x0000000083000000, size: 2000 MB, Compressed Oops mode: 32-bit
Narrow klass base: 0x0000000800000000, Narrow klass shift: 3
Compressed class space size: 1073741824 Address: 0x0000000800b30000

Heap:
 garbage-first heap   total 129024K, used 4096K [0x0000000083000000, 0x0000000100000000)
  region size 1024K, 5 young (5120K), 0 survivors (0K)
 Metaspace       used 2725K, capacity 4909K, committed 5120K, reserved 1056768K
  class space    used 257K, capacity 443K, committed 512K, reserved 1048576K
Heap Regions: E=young(eden), S=young(survivor), O=old, HS=humongous(starts), HC=humongous(continues), CS=collection set, F=free, OA=open archive, CA=closed archive, TAMS=top-at-mark-start (previous, next)
|   0|0x0000000083000000, 0x0000000083000000, 0x0000000083100000|  0%| F|  |TAMS 0x0000000083000000, 0x0000000083000000| Untracked 
|   1|0x0000000083100000, 0x0000000083100000, 0x0000000083200000|  0%| F|  |TAMS 0x0000000083100000, 0x0000000083100000| Untracked 
|   2|0x0000000083200000, 0x0000000083200000, 0x0000000083300000|  0%| F|  |TAMS 0x0000000083200000, 0x0000000083200000| Untracked 
|   3|0x0000000083300000, 0x0000000083300000, 0x0000000083400000|  0%| F|  |TAMS 0x0000000083300000, 0x0000000083300000| Untracked 
|   4|0x0000000083400000, 0x0000000083400000, 0x0000000083500000|  0%| F|  |TAMS 0x0000000083400000, 0x0000000083400000| Untracked 
|   5|0x0000000083500000, 0x0000000083500000, 0x0000000083600000|  0%| F|  |TAMS 0x0000000083500000, 0x0000000083500000| Untracked 
|   6|0x0000000083600000, 0x0000000083600000, 0x0000000083700000|  0%| F|  |TAMS 0x0000000083600000, 0x0000000083600000| Untracked 
|   7|0x0000000083700000, 0x0000000083700000, 0x0000000083800000|  0%| F|  |TAMS 0x0000000083700000, 0x0000000083700000| Untracked 
|   8|0x0000000083800000, 0x0000000083800000, 0x0000000083900000|  0%| F|  |TAMS 0x0000000083800000, 0x0000000083800000| Untracked 
|   9|0x0000000083900000, 0x0000000083900000, 0x0000000083a00000|  0%| F|  |TAMS 0x0000000083900000, 0x0000000083900000| Untracked 
|  10|0x0000000083a00000, 0x0000000083a00000, 0x0000000083b00000|  0%| F|  |TAMS 0x0000000083a00000, 0x0000000083a00000| Untracked 
|  11|0x0000000083b00000, 0x0000000083b00000, 0x0000000083c00000|  0%| F|  |TAMS 0x0000000083b00000, 0x0000000083b00000| Untracked 
|  12|0x0000000083c00000, 0x0000000083c00000, 0x0000000083d00000|  0%| F|  |TAMS 0x0000000083c00000, 0x0000000083c00000| Untracked 
|  13|0x0000000083d00000, 0x0000000083d00000, 0x0000000083e00000|  0%| F|  |TAMS 0x0000000083d00000, 0x0000000083d00000| Untracked 
|  14|0x0000000083e00000, 0x0000000083e00000, 0x0000000083f00000|  0%| F|  |TAMS 0x0000000083e00000, 0x0000000083e00000| Untracked 
|  15|0x0000000083f00000, 0x0000000083f00000, 0x0000000084000000|  0%| F|  |TAMS 0x0000000083f00000, 0x0000000083f00000| Untracked 
|  16|0x0000000084000000, 0x0000000084000000, 0x0000000084100000|  0%| F|  |TAMS 0x0000000084000000, 0x0000000084000000| Untracked 
|  17|0x0000000084100000, 0x0000000084100000, 0x0000000084200000|  0%| F|  |TAMS 0x0000000084100000, 0x0000000084100000| Untracked 
|  18|0x0000000084200000, 0x0000000084200000, 0x0000000084300000|  0%| F|  |TAMS 0x0000000084200000, 0x0000000084200000| Untracked 
|  19|0x0000000084300000, 0x0000000084300000, 0x0000000084400000|  0%| F|  |TAMS 0x0000000084300000, 0x0000000084300000| Untracked 
|  20|0x0000000084400000, 0x0000000084400000, 0x0000000084500000|  0%| F|  |TAMS 0x0000000084400000, 0x0000000084400000| Untracked 
|  21|0x0000000084500000, 0x0000000084500000, 0x0000000084600000|  0%| F|  |TAMS 0x0000000084500000, 0x0000000084500000| Untracked 
|  22|0x0000000084600000, 0x0000000084600000, 0x0000000084700000|  0%| F|  |TAMS 0x0000000084600000, 0x0000000084600000| Untracked 
|  23|0x0000000084700000, 0x0000000084700000, 0x0000000084800000|  0%| F|  |TAMS 0x0000000084700000, 0x0000000084700000| Untracked 
|  24|0x0000000084800000, 0x0000000084800000, 0x0000000084900000|  0%| F|  |TAMS 0x0000000084800000, 0x0000000084800000| Untracked 
|  25|0x0000000084900000, 0x0000000084900000, 0x0000000084a00000|  0%| F|  |TAMS 0x0000000084900000, 0x0000000084900000| Untracked 
|  26|0x0000000084a00000, 0x0000000084a00000, 0x0000000084b00000|  0%| F|  |TAMS 0x0000000084a00000, 0x0000000084a00000| Untracked 
|  27|0x0000000084b00000, 0x0000000084b00000, 0x0000000084c00000|  0%| F|  |TAMS 0x0000000084b00000, 0x0000000084b00000| Untracked 
|  28|0x0000000084c00000, 0x0000000084c00000, 0x0000000084d00000|  0%| F|  |TAMS 0x0000000084c00000, 0x0000000084c00000| Untracked 
|  29|0x0000000084d00000, 0x0000000084d00000, 0x0000000084e00000|  0%| F|  |TAMS 0x0000000084d00000, 0x0000000084d00000| Untracked 
|  30|0x0000000084e00000, 0x0000000084e00000, 0x0000000084f00000|  0%| F|  |TAMS 0x0000000084e00000, 0x0000000084e00000| Untracked 
|  31|0x0000000084f00000, 0x0000000084f00000, 0x0000000085000000|  0%| F|  |TAMS 0x0000000084f00000, 0x0000000084f00000| Untracked 
|  32|0x0000000085000000, 0x0000000085000000, 0x0000000085100000|  0%| F|  |TAMS 0x0000000085000000, 0x0000000085000000| Untracked 
|  33|0x0000000085100000, 0x0000000085100000, 0x0000000085200000|  0%| F|  |TAMS 0x0000000085100000, 0x0000000085100000| Untracked 
|  34|0x0000000085200000, 0x0000000085200000, 0x0000000085300000|  0%| F|  |TAMS 0x0000000085200000, 0x0000000085200000| Untracked 
|  35|0x0000000085300000, 0x0000000085300000, 0x0000000085400000|  0%| F|  |TAMS 0x0000000085300000, 0x0000000085300000| Untracked 
|  36|0x0000000085400000, 0x0000000085400000, 0x0000000085500000|  0%| F|  |TAMS 0x0000000085400000, 0x0000000085400000| Untracked 
|  37|0x0000000085500000, 0x0000000085500000, 0x0000000085600000|  0%| F|  |TAMS 0x0000000085500000, 0x0000000085500000| Untracked 
|  38|0x0000000085600000, 0x0000000085600000, 0x0000000085700000|  0%| F|  |TAMS 0x0000000085600000, 0x0000000085600000| Untracked 
|  39|0x0000000085700000, 0x0000000085700000, 0x0000000085800000|  0%| F|  |TAMS 0x0000000085700000, 0x0000000085700000| Untracked 
|  40|0x0000000085800000, 0x0000000085800000, 0x0000000085900000|  0%| F|  |TAMS 0x0000000085800000, 0x0000000085800000| Untracked 
|  41|0x0000000085900000, 0x0000000085900000, 0x0000000085a00000|  0%| F|  |TAMS 0x0000000085900000, 0x0000000085900000| Untracked 
|  42|0x0000000085a00000, 0x0000000085a00000, 0x0000000085b00000|  0%| F|  |TAMS 0x0000000085a00000, 0x0000000085a00000| Untracked 
|  43|0x0000000085b00000, 0x0000000085b00000, 0x0000000085c00000|  0%| F|  |TAMS 0x0000000085b00000, 0x0000000085b00000| Untracked 
|  44|0x0000000085c00000, 0x0000000085c00000, 0x0000000085d00000|  0%| F|  |TAMS 0x0000000085c00000, 0x0000000085c00000| Untracked 
|  45|0x0000000085d00000, 0x0000000085d00000, 0x0000000085e00000|  0%| F|  |TAMS 0x0000000085d00000, 0x0000000085d00000| Untracked 
|  46|0x0000000085e00000, 0x0000000085e00000, 0x0000000085f00000|  0%| F|  |TAMS 0x0000000085e00000, 0x0000000085e00000| Untracked 
|  47|0x0000000085f00000, 0x0000000085f00000, 0x0000000086000000|  0%| F|  |TAMS 0x0000000085f00000, 0x0000000085f00000| Untracked 
|  48|0x0000000086000000, 0x0000000086000000, 0x0000000086100000|  0%| F|  |TAMS 0x0000000086000000, 0x0000000086000000| Untracked 
|  49|0x0000000086100000, 0x0000000086100000, 0x0000000086200000|  0%| F|  |TAMS 0x0000000086100000, 0x0000000086100000| Untracked 
|  50|0x0000000086200000, 0x0000000086200000, 0x0000000086300000|  0%| F|  |TAMS 0x0000000086200000, 0x0000000086200000| Untracked 
|  51|0x0000000086300000, 0x0000000086300000, 0x0000000086400000|  0%| F|  |TAMS 0x0000000086300000, 0x0000000086300000| Untracked 
|  52|0x0000000086400000, 0x0000000086400000, 0x0000000086500000|  0%| F|  |TAMS 0x0000000086400000, 0x0000000086400000| Untracked 
|  53|0x0000000086500000, 0x0000000086500000, 0x0000000086600000|  0%| F|  |TAMS 0x0000000086500000, 0x0000000086500000| Untracked 
|  54|0x0000000086600000, 0x0000000086600000, 0x0000000086700000|  0%| F|  |TAMS 0x0000000086600000, 0x0000000086600000| Untracked 
|  55|0x0000000086700000, 0x0000000086700000, 0x0000000086800000|  0%| F|  |TAMS 0x0000000086700000, 0x0000000086700000| Untracked 
|  56|0x0000000086800000, 0x0000000086800000, 0x0000000086900000|  0%| F|  |TAMS 0x0000000086800000, 0x0000000086800000| Untracked 
|  57|0x0000000086900000, 0x0000000086900000, 0x0000000086a00000|  0%| F|  |TAMS 0x0000000086900000, 0x0000000086900000| Untracked 
|  58|0x0000000086a00000, 0x0000000086a00000, 0x0000000086b00000|  0%| F|  |TAMS 0x0000000086a00000, 0x0000000086a00000| Untracked 
|  59|0x0000000086b00000, 0x0000000086b00000, 0x0000000086c00000|  0%| F|  |TAMS 0x0000000086b00000, 0x0000000086b00000| Untracked 
|  60|0x0000000086c00000, 0x0000000086c00000, 0x0000000086d00000|  0%| F|  |TAMS 0x0000000086c00000, 0x0000000086c00000| Untracked 
|  61|0x0000000086d00000, 0x0000000086d00000, 0x0000000086e00000|  0%| F|  |TAMS 0x0000000086d00000, 0x0000000086d00000| Untracked 
|  62|0x0000000086e00000, 0x0000000086e00000, 0x0000000086f00000|  0%| F|  |TAMS 0x0000000086e00000, 0x0000000086e00000| Untracked 
|  63|0x0000000086f00000, 0x0000000086f00000, 0x0000000087000000|  0%| F|  |TAMS 0x0000000086f00000, 0x0000000086f00000| Untracked 
|  64|0x0000000087000000, 0x0000000087000000, 0x0000000087100000|  0%| F|  |TAMS 0x0000000087000000, 0x0000000087000000| Untracked 
|  65|0x0000000087100000, 0x0000000087100000, 0x0000000087200000|  0%| F|  |TAMS 0x0000000087100000, 0x0000000087100000| Untracked 
|  66|0x0000000087200000, 0x0000000087200000, 0x0000000087300000|  0%| F|  |TAMS 0x0000000087200000, 0x0000000087200000| Untracked 
|  67|0x0000000087300000, 0x0000000087300000, 0x0000000087400000|  0%| F|  |TAMS 0x0000000087300000, 0x0000000087300000| Untracked 
|  68|0x0000000087400000, 0x0000000087400000, 0x0000000087500000|  0%| F|  |TAMS 0x0000000087400000, 0x0000000087400000| Untracked 
|  69|0x0000000087500000, 0x0000000087500000, 0x0000000087600000|  0%| F|  |TAMS 0x0000000087500000, 0x0000000087500000| Untracked 
|  70|0x0000000087600000, 0x0000000087600000, 0x0000000087700000|  0%| F|  |TAMS 0x0000000087600000, 0x0000000087600000| Untracked 
|  71|0x0000000087700000, 0x0000000087700000, 0x0000000087800000|  0%| F|  |TAMS 0x0000000087700000, 0x0000000087700000| Untracked 
|  72|0x0000000087800000, 0x0000000087800000, 0x0000000087900000|  0%| F|  |TAMS 0x0000000087800000, 0x0000000087800000| Untracked 
|  73|0x0000000087900000, 0x0000000087900000, 0x0000000087a00000|  0%| F|  |TAMS 0x0000000087900000, 0x0000000087900000| Untracked 
|  74|0x0000000087a00000, 0x0000000087a00000, 0x0000000087b00000|  0%| F|  |TAMS 0x0000000087a00000, 0x0000000087a00000| Untracked 
|  75|0x0000000087b00000, 0x0000000087b00000, 0x0000000087c00000|  0%| F|  |TAMS 0x0000000087b00000, 0x0000000087b00000| Untracked 
|  76|0x0000000087c00000, 0x0000000087c00000, 0x0000000087d00000|  0%| F|  |TAMS 0x0000000087c00000, 0x0000000087c00000| Untracked 
|  77|0x0000000087d00000, 0x0000000087d00000, 0x0000000087e00000|  0%| F|  |TAMS 0x0000000087d00000, 0x0000000087d00000| Untracked 
|  78|0x0000000087e00000, 0x0000000087e00000, 0x0000000087f00000|  0%| F|  |TAMS 0x0000000087e00000, 0x0000000087e00000| Untracked 
|  79|0x0000000087f00000, 0x0000000087f00000, 0x0000000088000000|  0%| F|  |TAMS 0x0000000087f00000, 0x0000000087f00000| Untracked 
|  80|0x0000000088000000, 0x0000000088000000, 0x0000000088100000|  0%| F|  |TAMS 0x0000000088000000, 0x0000000088000000| Untracked 
|  81|0x0000000088100000, 0x0000000088100000, 0x0000000088200000|  0%| F|  |TAMS 0x0000000088100000, 0x0000000088100000| Untracked 
|  82|0x0000000088200000, 0x0000000088200000, 0x0000000088300000|  0%| F|  |TAMS 0x0000000088200000, 0x0000000088200000| Untracked 
|  83|0x0000000088300000, 0x0000000088300000, 0x0000000088400000|  0%| F|  |TAMS 0x0000000088300000, 0x0000000088300000| Untracked 
|  84|0x0000000088400000, 0x0000000088400000, 0x0000000088500000|  0%| F|  |TAMS 0x0000000088400000, 0x0000000088400000| Untracked 
|  85|0x0000000088500000, 0x0000000088500000, 0x0000000088600000|  0%| F|  |TAMS 0x0000000088500000, 0x0000000088500000| Untracked 
|  86|0x0000000088600000, 0x0000000088600000, 0x0000000088700000|  0%| F|  |TAMS 0x0000000088600000, 0x0000000088600000| Untracked 
|  87|0x0000000088700000, 0x0000000088700000, 0x0000000088800000|  0%| F|  |TAMS 0x0000000088700000, 0x0000000088700000| Untracked 
|  88|0x0000000088800000, 0x0000000088800000, 0x0000000088900000|  0%| F|  |TAMS 0x0000000088800000, 0x0000000088800000| Untracked 
|  89|0x0000000088900000, 0x0000000088900000, 0x0000000088a00000|  0%| F|  |TAMS 0x0000000088900000, 0x0000000088900000| Untracked 
|  90|0x0000000088a00000, 0x0000000088a00000, 0x0000000088b00000|  0%| F|  |TAMS 0x0000000088a00000, 0x0000000088a00000| Untracked 
|  91|0x0000000088b00000, 0x0000000088b00000, 0x0000000088c00000|  0%| F|  |TAMS 0x0000000088b00000, 0x0000000088b00000| Untracked 
|  92|0x0000000088c00000, 0x0000000088c00000, 0x0000000088d00000|  0%| F|  |TAMS 0x0000000088c00000, 0x0000000088c00000| Untracked 
|  93|0x0000000088d00000, 0x0000000088d00000, 0x0000000088e00000|  0%| F|  |TAMS 0x0000000088d00000, 0x0000000088d00000| Untracked 
|  94|0x0000000088e00000, 0x0000000088e00000, 0x0000000088f00000|  0%| F|  |TAMS 0x0000000088e00000, 0x0000000088e00000| Untracked 
|  95|0x0000000088f00000, 0x0000000088f00000, 0x0000000089000000|  0%| F|  |TAMS 0x0000000088f00000, 0x0000000088f00000| Untracked 
|  96|0x0000000089000000, 0x0000000089000000, 0x0000000089100000|  0%| F|  |TAMS 0x0000000089000000, 0x0000000089000000| Untracked 
|  97|0x0000000089100000, 0x0000000089100000, 0x0000000089200000|  0%| F|  |TAMS 0x0000000089100000, 0x0000000089100000| Untracked 
|  98|0x0000000089200000, 0x0000000089200000, 0x0000000089300000|  0%| F|  |TAMS 0x0000000089200000, 0x0000000089200000| Untracked 
|  99|0x0000000089300000, 0x0000000089300000, 0x0000000089400000|  0%| F|  |TAMS 0x0000000089300000, 0x0000000089300000| Untracked 
| 100|0x0000000089400000, 0x0000000089400000, 0x0000000089500000|  0%| F|  |TAMS 0x0000000089400000, 0x0000000089400000| Untracked 
| 101|0x0000000089500000, 0x0000000089500000, 0x0000000089600000|  0%| F|  |TAMS 0x0000000089500000, 0x0000000089500000| Untracked 
| 102|0x0000000089600000, 0x0000000089600000, 0x0000000089700000|  0%| F|  |TAMS 0x0000000089600000, 0x0000000089600000| Untracked 
| 103|0x0000000089700000, 0x0000000089700000, 0x0000000089800000|  0%| F|  |TAMS 0x0000000089700000, 0x0000000089700000| Untracked 
| 104|0x0000000089800000, 0x0000000089800000, 0x0000000089900000|  0%| F|  |TAMS 0x0000000089800000, 0x0000000089800000| Untracked 
| 105|0x0000000089900000, 0x0000000089900000, 0x0000000089a00000|  0%| F|  |TAMS 0x0000000089900000, 0x0000000089900000| Untracked 
| 106|0x0000000089a00000, 0x0000000089a00000, 0x0000000089b00000|  0%| F|  |TAMS 0x0000000089a00000, 0x0000000089a00000| Untracked 
| 107|0x0000000089b00000, 0x0000000089b00000, 0x0000000089c00000|  0%| F|  |TAMS 0x0000000089b00000, 0x0000000089b00000| Untracked 
| 108|0x0000000089c00000, 0x0000000089c00000, 0x0000000089d00000|  0%| F|  |TAMS 0x0000000089c00000, 0x0000000089c00000| Untracked 
| 109|0x0000000089d00000, 0x0000000089d00000, 0x0000000089e00000|  0%| F|  |TAMS 0x0000000089d00000, 0x0000000089d00000| Untracked 
| 110|0x0000000089e00000, 0x0000000089e00000, 0x0000000089f00000|  0%| F|  |TAMS 0x0000000089e00000, 0x0000000089e00000| Untracked 
| 111|0x0000000089f00000, 0x0000000089f00000, 0x000000008a000000|  0%| F|  |TAMS 0x0000000089f00000, 0x0000000089f00000| Untracked 
| 112|0x000000008a000000, 0x000000008a000000, 0x000000008a100000|  0%| F|  |TAMS 0x000000008a000000, 0x000000008a000000| Untracked 
| 113|0x000000008a100000, 0x000000008a100000, 0x000000008a200000|  0%| F|  |TAMS 0x000000008a100000, 0x000000008a100000| Untracked 
| 114|0x000000008a200000, 0x000000008a200000, 0x000000008a300000|  0%| F|  |TAMS 0x000000008a200000, 0x000000008a200000| Untracked 
| 115|0x000000008a300000, 0x000000008a300000, 0x000000008a400000|  0%| F|  |TAMS 0x000000008a300000, 0x000000008a300000| Untracked 
| 116|0x000000008a400000, 0x000000008a400000, 0x000000008a500000|  0%| F|  |TAMS 0x000000008a400000, 0x000000008a400000| Untracked 
| 117|0x000000008a500000, 0x000000008a500000, 0x000000008a600000|  0%| F|  |TAMS 0x000000008a500000, 0x000000008a500000| Untracked 
| 118|0x000000008a600000, 0x000000008a600000, 0x000000008a700000|  0%| F|  |TAMS 0x000000008a600000, 0x000000008a600000| Untracked 
| 119|0x000000008a700000, 0x000000008a700000, 0x000000008a800000|  0%| F|  |TAMS 0x000000008a700000, 0x000000008a700000| Untracked 
| 120|0x000000008a800000, 0x000000008a800000, 0x000000008a900000|  0%| F|  |TAMS 0x000000008a800000, 0x000000008a800000| Untracked 
| 121|0x000000008a900000, 0x000000008a9f0860, 0x000000008aa00000| 93%| E|  |TAMS 0x000000008a900000, 0x000000008a900000| Complete 
| 122|0x000000008aa00000, 0x000000008ab00000, 0x000000008ab00000|100%| E|CS|TAMS 0x000000008aa00000, 0x000000008aa00000| Complete 
| 123|0x000000008ab00000, 0x000000008ac00000, 0x000000008ac00000|100%| E|CS|TAMS 0x000000008ab00000, 0x000000008ab00000| Complete 
| 124|0x000000008ac00000, 0x000000008ad00000, 0x000000008ad00000|100%| E|CS|TAMS 0x000000008ac00000, 0x000000008ac00000| Complete 
| 125|0x000000008ad00000, 0x000000008ae00000, 0x000000008ae00000|100%| E|CS|TAMS 0x000000008ad00000, 0x000000008ad00000| Complete 

Card table byte_map: [0x000002a9f57f0000,0x000002a9f5be0000] _byte_map_base: 0x000002a9f53d8000

Marking Bits (Prev, Next): (CMBitMap*) 0x000002a9ec96eb38, (CMBitMap*) 0x000002a9ec96eb78
 Prev Bits: [0x000002a9f5fd0000, 0x000002a9f7f10000)
 Next Bits: [0x000002a9f7f10000, 0x000002a9f9e50000)

Polling page: 0x000002a9ea790000

Metaspace:

Usage:
  Non-class:      4.36 MB capacity,     2.41 MB ( 55%) used,     1.95 MB ( 45%) free+waste,     2.75 KB ( <1%) overhead. 
      Class:    443.00 KB capacity,   257.85 KB ( 58%) used,   183.59 KB ( 41%) free+waste,     1.56 KB ( <1%) overhead. 
       Both:      4.79 MB capacity,     2.66 MB ( 56%) used,     2.13 MB ( 44%) free+waste,     4.31 KB ( <1%) overhead. 

Virtual space:
  Non-class space:        8.00 MB reserved,       4.50 MB ( 56%) committed 
      Class space:        1.00 GB reserved,     512.00 KB ( <1%) committed 
             Both:        1.01 GB reserved,       5.00 MB ( <1%) committed 

Chunk freelists:
   Non-Class:  14.00 KB
       Class:  5.00 KB
        Both:  19.00 KB

MaxMetaspaceSize: 17179869184.00 GB
CompressedClassSpaceSize: 1.00 GB

CodeHeap 'non-profiled nmethods': size=120000Kb used=122Kb max_used=122Kb free=119877Kb
 bounds [0x000002a987ad0000, 0x000002a987d40000, 0x000002a98f000000]
CodeHeap 'profiled nmethods': size=120000Kb used=557Kb max_used=557Kb free=119442Kb
 bounds [0x000002a9805a0000, 0x000002a980810000, 0x000002a987ad0000]
CodeHeap 'non-nmethods': size=5760Kb used=1224Kb max_used=1240Kb free=4535Kb
 bounds [0x000002a980000000, 0x000002a980270000, 0x000002a9805a0000]
 total_blobs=1166 nmethods=396 adapters=297
 compilation: enabled
              stopped_count=0, restarted_count=0
 full_count=0

Compilation events (20 events):
Event: 2584.750 Thread 0x000002a9fd204800  393       3       org.eclipse.jdt.launching.internal.org.objectweb.asm.SymbolTable::add (39 bytes)
Event: 2584.750 Thread 0x000002a9fd204800 nmethod 393 0x000002a980628a90 code [0x000002a980628c40, 0x000002a980628fb8]
Event: 2584.750 Thread 0x000002a9fd204800  394       3       org.eclipse.jdt.launching.internal.org.objectweb.asm.ClassReader::readUTF8 (23 bytes)
Event: 2584.750 Thread 0x000002a9fd204800 nmethod 394 0x000002a980629110 code [0x000002a9806292c0, 0x000002a980629588]
Event: 2610.273 Thread 0x000002a9fd204800  396       3       org.eclipse.jdt.launching.internal.org.objectweb.asm.ClassReader::readUtf (161 bytes)
Event: 2610.275 Thread 0x000002a9fd204800 

Event: 2610.275 Thread 0x000002a9fd204800  397       3       org.eclipse.jdt.launching.internal.org.objectweb.asm.SymbolTable::hash (10 bytes)
Event: 2610.275 Thread 0x000002a9fd204800 nmethod 397 0x000002a980629710 code [0x000002a9806298c0, 0x000002a9806299e8]
Event: 2610.275 Thread 0x000002a9fd204800  398       3       java.lang.String::<init> (14 bytes)
Event: 2610.275 Thread 0x000002a9fd204800 nmethod 398 0x000002a980629b10 code [0x000002a980629cc0, 0x000002a980629ed8]
Event: 2610.275 Thread 0x000002a9fd204800  399       3       java.lang.String::rangeCheck (9 bytes)
Event: 2610.275 Thread 0x000002a9fd204800 nmethod 399 0x000002a98062a010 code [0x000002a98062a1c0, 0x000002a98062a2e8]
Event: 2624.363 Thread 0x000002a9fd1e3000  400       4       org.eclipse.jdt.launching.internal.org.objectweb.asm.ClassReader::readUnsignedShort (26 bytes)
Event: 2624.363 Thread 0x000002a9fd204800  401       3       org.eclipse.jdt.launching.internal.org.objectweb.asm.ClassReader::readUtf (161 bytes)
Event: 2624.367 Thread 0x000002a9fd204800 

Event: 2624.367 Thread 0x000002a9fd204800  403       3       java.lang.String::<init> (74 bytes)
Event: 2624.367 Thread 0x000002a9fd1e3000 

Event: 2624.367 Thread 0x000002a9fd204800 nmethod 403 0x000002a98062a390 code [0x000002a98062a580, 0x000002a98062ac38]
Event: 2624.367 Thread 0x000002a9fd204800  402       3       org.eclipse.jdt.launching.internal.org.objectweb.asm.SymbolTable::addConstantUtf8 (20 bytes)
Event: 2624.368 Thread 0x000002a9fd204800 nmethod 402 0x000002a98062af10 code [0x000002a98062b0e0, 0x000002a98062b468]

GC Heap History (0 events):
No events

Deoptimization events (20 events):
Event: 0.470 Thread 0x000002a9ec92b800 DEOPT PACKING pc=0x000002a98060f801 sp=0x000000f0a8bf81d0
Event: 0.470 Thread 0x000002a9ec92b800 DEOPT UNPACKING pc=0x000002a98004964e sp=0x000000f0a8bf7698 mode 0
Event: 0.470 Thread 0x000002a9ec92b800 DEOPT PACKING pc=0x000002a98060f801 sp=0x000000f0a8bf81d0
Event: 0.470 Thread 0x000002a9ec92b800 DEOPT UNPACKING pc=0x000002a98004964e sp=0x000000f0a8bf7698 mode 0
Event: 0.471 Thread 0x000002a9ec92b800 DEOPT PACKING pc=0x000002a98060f801 sp=0x000000f0a8bf81d0
Event: 0.471 Thread 0x000002a9ec92b800 DEOPT UNPACKING pc=0x000002a98004964e sp=0x000000f0a8bf7698 mode 0
Event: 0.471 Thread 0x000002a9ec92b800 DEOPT PACKING pc=0x000002a98060f801 sp=0x000000f0a8bf81d0
Event: 0.471 Thread 0x000002a9ec92b800 DEOPT UNPACKING pc=0x000002a98004964e sp=0x000000f0a8bf7698 mode 0
Event: 0.471 Thread 0x000002a9ec92b800 DEOPT PACKING pc=0x000002a98060f801 sp=0x000000f0a8bf81d0
Event: 0.471 Thread 0x000002a9ec92b800 DEOPT UNPACKING pc=0x000002a98004964e sp=0x000000f0a8bf7698 mode 0
Event: 0.471 Thread 0x000002a9ec92b800 DEOPT PACKING pc=0x000002a98060f801 sp=0x000000f0a8bf81d0
Event: 0.471 Thread 0x000002a9ec92b800 DEOPT UNPACKING pc=0x000002a98004964e sp=0x000000f0a8bf7698 mode 0
Event: 0.474 Thread 0x000002a9ec92b800 DEOPT PACKING pc=0x000002a98060f801 sp=0x000000f0a8bfbcb0
Event: 0.474 Thread 0x000002a9ec92b800 DEOPT UNPACKING pc=0x000002a98004964e sp=0x000000f0a8bfb178 mode 0
Event: 0.474 Thread 0x000002a9ec92b800 DEOPT PACKING pc=0x000002a98060f801 sp=0x000000f0a8bfbcb0
Event: 0.474 Thread 0x000002a9ec92b800 DEOPT UNPACKING pc=0x000002a98004964e sp=0x000000f0a8bfb178 mode 0
Event: 0.474 Thread 0x000002a9ec92b800 DEOPT PACKING pc=0x000002a98060f801 sp=0x000000f0a8bfbcb0
Event: 0.474 Thread 0x000002a9ec92b800 DEOPT UNPACKING pc=0x000002a98004964e sp=0x000000f0a8bfb178 mode 0
Event: 0.476 Thread 0x000002a9ec92b800 DEOPT PACKING pc=0x000002a98060f801 sp=0x000000f0a8bf8150
Event: 0.476 Thread 0x000002a9ec92b800 DEOPT UNPACKING pc=0x000002a98004964e sp=0x000000f0a8bf7618 mode 0

Classes unloaded (0 events):
No events

Classes redefined (5 events):
Event: 2286.906 Thread 0x000002a9fc8b6000 redefined class name=practice, count=1
Event: 2405.397 Thread 0x000002a9fc8b6000 redefined class name=practice, count=2
Event: 2584.748 Thread 0x000002a9fc8b6000 redefined class name=practice, count=3
Event: 2610.274 Thread 0x000002a9fc8b6000 redefined class name=practice, count=4
Event: 2624.364 Thread 0x000002a9fc8b6000 redefined class name=practice, count=5

Internal exceptions (1 events):
Event: 2624.522 Thread 0x000002a9fd3f4800 Exception <a 'java/lang/LinkageError'{0x000000008ac938b8}> (0x000000008ac938b8) 
thrown [./open/src/hotspot/share/oops/generateOopMap.cpp, line 2140]

Events (20 events):
Event: 2624.445 Executing VM operation: GetCurrentContendedMonitor
Event: 2624.445 Executing VM operation: GetCurrentContendedMonitor done
Event: 2624.446 Executing VM operation: GetOwnedMonitorInfo
Event: 2624.446 Executing VM operation: GetOwnedMonitorInfo done
Event: 2624.446 Executing VM operation: GetCurrentContendedMonitor
Event: 2624.446 Executing VM operation: GetCurrentContendedMonitor done
Event: 2624.446 Executing VM operation: GetFrameCount
Event: 2624.446 Executing VM operation: GetFrameCount done
Event: 2624.446 Executing VM operation: GetOwnedMonitorInfo
Event: 2624.446 Executing VM operation: GetOwnedMonitorInfo done
Event: 2624.446 Executing VM operation: GetCurrentContendedMonitor
Event: 2624.446 Executing VM operation: GetCurrentContendedMonitor done
Event: 2624.446 Executing VM operation: GetOwnedMonitorInfo
Event: 2624.446 Executing VM operation: GetOwnedMonitorInfo done
Event: 2624.446 Executing VM operation: GetCurrentContendedMonitor
Event: 2624.446 Executing VM operation: GetCurrentContendedMonitor done
Event: 2624.447 Executing VM operation: GetCurrentContendedMonitor
Event: 2624.447 Executing VM operation: GetCurrentContendedMonitor done
Event: 2624.447 Executing VM operation: GetOwnedMonitorInfo
Event: 2624.447 Executing VM operation: GetOwnedMonitorInfo done


Dynamic libraries:
0x00007ff773ec0000 - 0x00007ff773ecf000 	C:\Program Files\Java\jdk-14.0.1\bin\javaw.exe
0x00007ff8ef760000 - 0x00007ff8ef950000 	C:\windows\SYSTEM32\ntdll.dll
0x00007ff8ee170000 - 0x00007ff8ee222000 	C:\windows\System32\KERNEL32.DLL
0x00007ff8ec860000 - 0x00007ff8ecb04000 	C:\windows\System32\KERNELBASE.dll
0x00007ff8ecb40000 - 0x00007ff8ecc3a000 	C:\windows\System32\ucrtbase.dll
0x00007ff8e89a0000 - 0x00007ff8e89b8000 	C:\Program Files\Java\jdk-14.0.1\bin\jli.dll
0x00007ff8e36e0000 - 0x00007ff8e36f5000 	C:\Program Files\Java\jdk-14.0.1\bin\VCRUNTIME140.dll
0x00007ff8eeed0000 - 0x00007ff8eef73000 	C:\windows\System32\ADVAPI32.dll
0x00007ff8ee230000 - 0x00007ff8ee2ce000 	C:\windows\System32\msvcrt.dll
0x00007ff8ee4e0000 - 0x00007ff8ee577000 	C:\windows\System32\sechost.dll
0x00007ff8ee2d0000 - 0x00007ff8ee3f0000 	C:\windows\System32\RPCRT4.dll
0x00007ff8ef580000 - 0x00007ff8ef714000 	C:\windows\System32\USER32.dll
0x00007ff8ecb10000 - 0x00007ff8ecb31000 	C:\windows\System32\win32u.dll
0x00007ff8ce8b0000 - 0x00007ff8ceb34000 	C:\windows\WinSxS\amd64_microsoft.windows.common-controls_6595b64144ccf1df_6.0.18362.959_none_e6c7bbbf130c62bb\COMCTL32.dll
0x00007ff8ed810000 - 0x00007ff8ed836000 	C:\windows\System32\GDI32.dll
0x00007ff8eef80000 - 0x00007ff8ef2b5000 	C:\windows\System32\combase.dll
0x00007ff8ece40000 - 0x00007ff8ecfd6000 	C:\windows\System32\gdi32full.dll
0x00007ff8ec7e0000 - 0x00007ff8ec860000 	C:\windows\System32\bcryptPrimitives.dll
0x00007ff8ecfe0000 - 0x00007ff8ed07e000 	C:\windows\System32\msvcp_win.dll
0x00007ff8e26d0000 - 0x00007ff8e26da000 	C:\windows\SYSTEM32\VERSION.dll
0x00007ff8ee020000 - 0x00007ff8ee04e000 	C:\windows\System32\IMM32.DLL
0x00007ff8e3640000 - 0x00007ff8e36db000 	C:\Program Files\Java\jdk-14.0.1\bin\msvcp140.dll
0x00007ff882c30000 - 0x00007ff88374e000 	C:\Program Files\Java\jdk-14.0.1\bin\server\jvm.dll
0x00007ff8ee160000 - 0x00007ff8ee168000 	C:\windows\System32\PSAPI.DLL
0x00007ff8ea270000 - 0x00007ff8ea294000 	C:\windows\SYSTEM32\WINMM.dll
0x00007ff8e8990000 - 0x00007ff8e8999000 	C:\windows\SYSTEM32\WSOCK32.dll
0x00007ff8ee3f0000 - 0x00007ff8ee45f000 	C:\windows\System32\WS2_32.dll
0x00007ff8e9df0000 - 0x00007ff8e9e1d000 	C:\windows\SYSTEM32\WINMMBASE.dll
0x00007ff8ec6e0000 - 0x00007ff8ec72a000 	C:\windows\System32\cfgmgr32.dll
0x00007ff8ec6c0000 - 0x00007ff8ec6d1000 	C:\windows\System32\kernel.appcore.dll
0x00007ff8e8960000 - 0x00007ff8e896a000 	C:\Program Files\Java\jdk-14.0.1\bin\jimage.dll
0x00007ff8eaef0000 - 0x00007ff8eb0e4000 	C:\windows\SYSTEM32\DBGHELP.DLL
0x00007ff8c2ca0000 - 0x00007ff8c2cca000 	C:\windows\SYSTEM32\dbgcore.DLL
0x00007ff8e3600000 - 0x00007ff8e3638000 	C:\Program Files\Java\jdk-14.0.1\bin\jdwp.dll
0x00007ff8e1210000 - 0x00007ff8e1235000 	C:\Program Files\Java\jdk-14.0.1\bin\java.dll
0x00007ff8e8970000 - 0x00007ff8e897e000 	C:\Program Files\Java\jdk-14.0.1\bin\instrument.dll
0x00007ff8d3c70000 - 0x00007ff8d3c86000 	C:\Program Files\Java\jdk-14.0.1\bin\zip.dll
0x00007ff8ee7e0000 - 0x00007ff8eeec6000 	C:\windows\System32\SHELL32.dll
0x00007ff8ef4d0000 - 0x00007ff8ef579000 	C:\windows\System32\shcore.dll
0x00007ff8ed080000 - 0x00007ff8ed802000 	C:\windows\System32\windows.storage.dll
0x00007ff8ec640000 - 0x00007ff8ec663000 	C:\windows\System32\profapi.dll
0x00007ff8ec670000 - 0x00007ff8ec6ba000 	C:\windows\System32\powrprof.dll
0x00007ff8ec610000 - 0x00007ff8ec620000 	C:\windows\System32\UMPDC.dll
0x00007ff8ee100000 - 0x00007ff8ee152000 	C:\windows\System32\shlwapi.dll
0x00007ff8ec760000 - 0x00007ff8ec777000 	C:\windows\System32\cryptsp.dll
0x00007ff8e8950000 - 0x00007ff8e895b000 	C:\Program Files\Java\jdk-14.0.1\bin\dt_socket.dll
0x00007ff8ebb90000 - 0x00007ff8ebbca000 	C:\windows\SYSTEM32\IPHLPAPI.DLL
0x00007ff8ebe80000 - 0x00007ff8ebee7000 	C:\windows\system32\mswsock.dll
0x00007ff8ebbd0000 - 0x00007ff8ebc9b000 	C:\windows\SYSTEM32\DNSAPI.dll
0x00007ff8ee010000 - 0x00007ff8ee018000 	C:\windows\System32\NSI.dll
0x00007ff8d5240000 - 0x00007ff8d524a000 	C:\Windows\System32\rasadhlp.dll
0x00007ff8dd720000 - 0x00007ff8dd797000 	C:\windows\System32\fwpuclnt.dll
0x00007ff8ec730000 - 0x00007ff8ec756000 	C:\windows\System32\bcrypt.dll
0x00007ff8d3610000 - 0x00007ff8d3629000 	C:\Program Files\Java\jdk-14.0.1\bin\net.dll
0x00007ff8d1be0000 - 0x00007ff8d1cd0000 	C:\windows\SYSTEM32\WINHTTP.dll
0x00007ff8d35f0000 - 0x00007ff8d3602000 	C:\Program Files\Java\jdk-14.0.1\bin\nio.dll
0x00007ff8e3b00000 - 0x00007ff8e3b10000 	C:\Program Files\Java\jdk-14.0.1\bin\verify.dll

dbghelp: loaded successfully - version: 4.0.5 - missing functions: none
symbol engine: initialized successfully - sym options: 0x614 - pdb path: .;C:\Program Files\Java\jdk-14.0.1\bin;C:\windows\SYSTEM32;C:\windows\WinSxS\amd64_microsoft.windows.common-controls_6595b64144ccf1df_6.0.18362.959_none_e6c7bbbf130c62bb;C:\Program Files\Java\jdk-14.0.1\bin\server

VM Arguments:
jvm_args: -agentlib:jdwp=transport=dt_socket,suspend=y,address=localhost:56253 -javaagent:C:\Users\sonashi mahajan\eclipse\java-2020-06\eclipse\configuration\org.eclipse.osgi\222\0\.cp\lib\javaagent-shaded.jar -Dfile.encoding=Cp1252 
java_command: practice
java_class_path (initial): C:\Users\sonashi mahajan\eclipse-workspace\Practice\bin
Launcher Type: SUN_STANDARD

[Global flags]
     intx CICompilerCount                          = 4                                         {product} {ergonomic}
     uint ConcGCThreads                            = 2                                         {product} {ergonomic}
     uint G1ConcRefinementThreads                  = 8                                         {product} {ergonomic}
   size_t G1HeapRegionSize                         = 1048576                                   {product} {ergonomic}
    uintx GCDrainStackTargetSize                   = 64                                        {product} {ergonomic}
   size_t InitialHeapSize                          = 132120576                                 {product} {ergonomic}
   size_t MarkStackSize                            = 4194304                                   {product} {ergonomic}
   size_t MaxHeapSize                              = 2097152000                                {product} {ergonomic}
   size_t MaxNewSize                               = 1258291200                                {product} {ergonomic}
   size_t MinHeapDeltaBytes                        = 1048576                                   {product} {ergonomic}
   size_t MinHeapSize                              = 8388608                                   {product} {ergonomic}
    uintx NonNMethodCodeHeapSize                   = 5839372                                {pd product} {ergonomic}
    uintx NonProfiledCodeHeapSize                  = 122909434                              {pd product} {ergonomic}
    uintx ProfiledCodeHeapSize                     = 122909434                              {pd product} {ergonomic}
    uintx ReservedCodeCacheSize                    = 251658240                              {pd product} {ergonomic}
     bool SegmentedCodeCache                       = true                                      {product} {ergonomic}
   size_t SoftMaxHeapSize                          = 2097152000                             {manageable} {ergonomic}
     bool UseCompressedClassPointers               = true                                 {lp64_product} {ergonomic}
     bool UseCompressedOops                        = true                                 {lp64_product} {ergonomic}
     bool UseG1GC                                  = true                                      {product} {ergonomic}
     bool UseLargePagesIndividualAllocation        = false                                  {pd product} {ergonomic}

Logging:
Log output configuration:
 #0: stdout all=warning uptime,level,tags
 #1: stderr all=off uptime,level,tags

Environment Variables:
PATH=C:/Program Files/Java/jdk-14.0.1/bin/server;C:/Program Files/Java/jdk-14.0.1/bin;C:\windows\system32;C:\windows;C:\windows\System32\Wbem;C:\windows\System32\WindowsPowerShell\v1.0\;C:\windows\System32\OpenSSH\;C:\Program Files (x86)\NVIDIA Corporation\PhysX\Common;C:\Program Files\NVIDIA Corporation\NVIDIA NvDLISR;C:\Users\sonashi mahajan\AppData\Local\Microsoft\WindowsApps;;C:\windows\System32;
USERNAME=sonashi mahajan
OS=Windows_NT
PROCESSOR_IDENTIFIER=Intel64 Family 6 Model 142 Stepping 12, GenuineIntel



---------------  S Y S T E M  ---------------

OS: Windows 10 , 64 bit Build 18362 (10.0.18362.959)
OS uptime: 3 days 12:39 hours

CPU:total 8 (initial active 8) (4 cores per cpu, 2 threads per core) family 6 model 142 stepping 12, cmov, cx8, fxsr, mmx, sse, sse2, sse3, ssse3, sse4.1, sse4.2, popcnt, avx, avx2, aes, clmul, erms, 3dnowpref, lzcnt, ht, tsc, tscinvbit, bmi1, bmi2, adx, fma

Memory: 4k page, system-wide physical 7995M (3060M free)
TotalPageFile size 10683M (AvailPageFile size 4370M)
current process WorkingSet (physical memory assigned to process): 31M, peak: 42M
current process commit charge ("private bytes"): 214M, peak: 215M

vm_info: Java HotSpot(TM) 64-Bit Server VM (14.0.1+7) for windows-amd64 JRE (14.0.1+7), built on Mar  5 2020 10:30:14 by "mach5one" with MS VC++ 15.9 (VS2017)

END.
